[debug] [2020-12-08T08:43:44.144Z] ----------------------------------------------------------------------
[debug] [2020-12-08T08:43:44.147Z] Command:       C:\Program Files\nodejs\node.exe C:\Users\uSer\AppData\Roaming\npm\node_modules\firebase-tools\lib\bin\firebase.js init
[debug] [2020-12-08T08:43:44.147Z] CLI Version:   8.18.0
[debug] [2020-12-08T08:43:44.148Z] Platform:      win32
[debug] [2020-12-08T08:43:44.148Z] Node Version:  v12.16.1
[debug] [2020-12-08T08:43:44.149Z] Time:          Tue Dec 08 2020 14:28:44 GMT+0545 (Nepal Time)
[debug] [2020-12-08T08:43:44.149Z] ----------------------------------------------------------------------
[debug] [2020-12-08T08:43:44.149Z] 
[debug] [2020-12-08T08:43:44.158Z] > command requires scopes: ["email","openid","https://www.googleapis.com/auth/cloudplatformprojects.readonly","https://www.googleapis.com/auth/firebase","https://www.googleapis.com/auth/cloud-platform"]
[debug] [2020-12-08T08:43:44.159Z] > authorizing via signed-in user
[info] 
     ######## #### ########  ######## ########     ###     ######  ########
     ##        ##  ##     ## ##       ##     ##  ##   ##  ##       ##
     ######    ##  ########  ######   ########  #########  ######  ######
     ##        ##  ##    ##  ##       ##     ## ##     ##       ## ##
     ##       #### ##     ## ######## ########  ##     ##  ######  ########

You're about to initialize a Firebase project in this directory:

  D:\Amazon Clone\amazon-clone

Before we get started, keep in mind:

  * You are initializing in an existing Firebase project directory

[info] 
=== Project Setup
[info] 
[info] First, let's associate this project directory with a Firebase project.
[info] You can create multiple project aliases by running firebase use --add, 
[info] but for now we'll just set up a default project.
[info] 
[info] i  .firebaserc already has a default project, using challenge-5ca5e. 
[debug] [2020-12-08T08:43:58.252Z] >>> HTTP REQUEST GET https://firebase.googleapis.com/v1beta1/projects/challenge-5ca5e  
 
[debug] [2020-12-08T08:43:58.861Z] <<< HTTP RESPONSE 200 {"content-type":"application/json; charset=UTF-8","vary":"X-Origin, Referer, Origin,Accept-Encoding","date":"Tue, 08 Dec 2020 08:43:57 GMT","server":"ESF","cache-control":"private","x-xss-protection":"0","x-frame-options":"SAMEORIGIN","x-content-type-options":"nosniff","alt-svc":"h3-29=\":443\"; ma=2592000,h3-T051=\":443\"; ma=2592000,h3-Q050=\":443\"; ma=2592000,h3-Q046=\":443\"; ma=2592000,h3-Q043=\":443\"; ma=2592000,quic=\":443\"; ma=2592000; v=\"46,43\"","accept-ranges":"none","transfer-encoding":"chunked"}
[info] 
=== Hosting Setup
[info] 
[info] Your public directory is the folder (relative to your project directory) that
[info] will contain Hosting assets to be uploaded with firebase deploy. If you
[info] have a build process for your assets, use your build's output directory.
[info] 
